[0.725s] DEBUG:colcon:Command line arguments: ['/usr/bin/colcon', 'build']
[0.726s] DEBUG:colcon:Parsed command line arguments: Namespace(log_base=None, log_level=None, verb_name='build', build_base='build', install_base='install', merge_install=False, symlink_install=False, test_result_base=None, continue_on_error=False, executor='parallel', parallel_workers=4, event_handlers=None, ignore_user_meta=False, metas=['./colcon.meta'], base_paths=['.'], packages_ignore=None, packages_ignore_regex=None, paths=None, packages_up_to=None, packages_up_to_regex=None, packages_above=None, packages_above_and_dependencies=None, packages_above_depth=None, packages_select_by_dep=None, packages_skip_by_dep=None, packages_skip_up_to=None, packages_select_build_failed=False, packages_skip_build_finished=False, packages_select_test_failures=False, packages_skip_test_passed=False, packages_select=None, packages_skip=None, packages_select_regex=None, packages_skip_regex=None, packages_start=None, packages_end=None, allow_overriding=[], cmake_args=None, cmake_target=None, cmake_target_skip_unavailable=False, cmake_clean_cache=False, cmake_clean_first=False, cmake_force_configure=False, ament_cmake_args=None, catkin_cmake_args=None, catkin_skip_building_tests=False, verb_parser=<colcon_defaults.argument_parser.defaults.DefaultArgumentsDecorator object at 0xffff86165fc0>, verb_extension=<colcon_core.verb.build.BuildVerb object at 0xffff86273430>, main=<bound method BuildVerb.main of <colcon_core.verb.build.BuildVerb object at 0xffff86273430>>)
[1.856s] Level 1:colcon.colcon_core.package_discovery:discover_packages(colcon_meta) check parameters
[1.856s] Level 1:colcon.colcon_core.package_discovery:discover_packages(recursive) check parameters
[1.856s] Level 1:colcon.colcon_core.package_discovery:discover_packages(ignore) check parameters
[1.857s] Level 1:colcon.colcon_core.package_discovery:discover_packages(path) check parameters
[1.857s] Level 1:colcon.colcon_core.package_discovery:discover_packages(colcon_meta) discover
[1.857s] Level 1:colcon.colcon_core.package_discovery:discover_packages(recursive) discover
[1.857s] INFO:colcon.colcon_core.package_discovery:Crawling recursively for packages in '/home/elipson/roberto'
[1.858s] Level 1:colcon.colcon_core.package_identification:_identify(.) by extensions ['ignore', 'ignore_ament_install']
[1.858s] Level 1:colcon.colcon_core.package_identification:_identify(.) by extension 'ignore'
[1.859s] Level 1:colcon.colcon_core.package_identification:_identify(.) by extension 'ignore_ament_install'
[1.859s] Level 1:colcon.colcon_core.package_identification:_identify(.) by extensions ['colcon_pkg']
[1.859s] Level 1:colcon.colcon_core.package_identification:_identify(.) by extension 'colcon_pkg'
[1.859s] Level 1:colcon.colcon_core.package_identification:_identify(.) by extensions ['colcon_meta']
[1.859s] Level 1:colcon.colcon_core.package_identification:_identify(.) by extension 'colcon_meta'
[1.860s] Level 1:colcon.colcon_core.package_identification:_identify(.) by extensions ['ros']
[1.860s] Level 1:colcon.colcon_core.package_identification:_identify(.) by extension 'ros'
[1.977s] Level 1:colcon.colcon_core.package_identification:_identify(.) by extensions ['cmake', 'python']
[1.977s] Level 1:colcon.colcon_core.package_identification:_identify(.) by extension 'cmake'
[1.977s] Level 1:colcon.colcon_core.package_identification:_identify(.) by extension 'python'
[1.977s] Level 1:colcon.colcon_core.package_identification:_identify(.) by extensions ['python_setup_py']
[1.978s] Level 1:colcon.colcon_core.package_identification:_identify(.) by extension 'python_setup_py'
[1.978s] Level 1:colcon.colcon_core.package_identification:_identify(build) by extensions ['ignore', 'ignore_ament_install']
[1.979s] Level 1:colcon.colcon_core.package_identification:_identify(build) by extension 'ignore'
[1.979s] Level 1:colcon.colcon_core.package_identification:_identify(build) ignored
[1.979s] Level 1:colcon.colcon_core.package_identification:_identify(install) by extensions ['ignore', 'ignore_ament_install']
[1.980s] Level 1:colcon.colcon_core.package_identification:_identify(install) by extension 'ignore'
[1.980s] Level 1:colcon.colcon_core.package_identification:_identify(install) ignored
[1.980s] Level 1:colcon.colcon_core.package_identification:_identify(log) by extensions ['ignore', 'ignore_ament_install']
[1.981s] Level 1:colcon.colcon_core.package_identification:_identify(log) by extension 'ignore'
[1.981s] Level 1:colcon.colcon_core.package_identification:_identify(log) ignored
[1.981s] Level 1:colcon.colcon_core.package_identification:_identify(src) by extensions ['ignore', 'ignore_ament_install']
[1.982s] Level 1:colcon.colcon_core.package_identification:_identify(src) by extension 'ignore'
[1.982s] Level 1:colcon.colcon_core.package_identification:_identify(src) by extension 'ignore_ament_install'
[1.982s] Level 1:colcon.colcon_core.package_identification:_identify(src) by extensions ['colcon_pkg']
[1.982s] Level 1:colcon.colcon_core.package_identification:_identify(src) by extension 'colcon_pkg'
[1.983s] Level 1:colcon.colcon_core.package_identification:_identify(src) by extensions ['colcon_meta']
[1.983s] Level 1:colcon.colcon_core.package_identification:_identify(src) by extension 'colcon_meta'
[1.983s] Level 1:colcon.colcon_core.package_identification:_identify(src) by extensions ['ros']
[1.983s] Level 1:colcon.colcon_core.package_identification:_identify(src) by extension 'ros'
[1.983s] Level 1:colcon.colcon_core.package_identification:_identify(src) by extensions ['cmake', 'python']
[1.984s] Level 1:colcon.colcon_core.package_identification:_identify(src) by extension 'cmake'
[1.984s] Level 1:colcon.colcon_core.package_identification:_identify(src) by extension 'python'
[1.984s] Level 1:colcon.colcon_core.package_identification:_identify(src) by extensions ['python_setup_py']
[1.984s] Level 1:colcon.colcon_core.package_identification:_identify(src) by extension 'python_setup_py'
[1.985s] Level 1:colcon.colcon_core.package_identification:_identify(src/roberto) by extensions ['ignore', 'ignore_ament_install']
[1.985s] Level 1:colcon.colcon_core.package_identification:_identify(src/roberto) by extension 'ignore'
[1.985s] Level 1:colcon.colcon_core.package_identification:_identify(src/roberto) by extension 'ignore_ament_install'
[1.985s] Level 1:colcon.colcon_core.package_identification:_identify(src/roberto) by extensions ['colcon_pkg']
[1.986s] Level 1:colcon.colcon_core.package_identification:_identify(src/roberto) by extension 'colcon_pkg'
[1.986s] Level 1:colcon.colcon_core.package_identification:_identify(src/roberto) by extensions ['colcon_meta']
[1.986s] Level 1:colcon.colcon_core.package_identification:_identify(src/roberto) by extension 'colcon_meta'
[1.986s] Level 1:colcon.colcon_core.package_identification:_identify(src/roberto) by extensions ['ros']
[1.986s] Level 1:colcon.colcon_core.package_identification:_identify(src/roberto) by extension 'ros'
[2.005s] DEBUG:colcon.colcon_core.package_identification:Package 'src/roberto' with type 'ros.ament_python' and name 'roberto'
[2.005s] Level 1:colcon.colcon_core.package_discovery:discover_packages(recursive) using defaults
[2.005s] Level 1:colcon.colcon_core.package_discovery:discover_packages(ignore) discover
[2.006s] Level 1:colcon.colcon_core.package_discovery:discover_packages(ignore) using defaults
[2.006s] Level 1:colcon.colcon_core.package_discovery:discover_packages(path) discover
[2.006s] Level 1:colcon.colcon_core.package_discovery:discover_packages(path) using defaults
[2.118s] Level 1:colcon.colcon_core.package_discovery:discover_packages(prefix_path) check parameters
[2.118s] Level 1:colcon.colcon_core.package_discovery:discover_packages(prefix_path) discover
[2.133s] DEBUG:colcon.colcon_installed_package_information.package_discovery:Found 1 installed packages in /home/elipson/roberto/install
[2.141s] DEBUG:colcon.colcon_installed_package_information.package_discovery:Found 183 installed packages in /opt/ros/humble
[2.147s] Level 1:colcon.colcon_core.package_discovery:discover_packages(prefix_path) using defaults
[2.314s] Level 5:colcon.colcon_core.verb:set package 'roberto' build argument 'cmake_args' from command line to 'None'
[2.314s] Level 5:colcon.colcon_core.verb:set package 'roberto' build argument 'cmake_target' from command line to 'None'
[2.314s] Level 5:colcon.colcon_core.verb:set package 'roberto' build argument 'cmake_target_skip_unavailable' from command line to 'False'
[2.314s] Level 5:colcon.colcon_core.verb:set package 'roberto' build argument 'cmake_clean_cache' from command line to 'False'
[2.314s] Level 5:colcon.colcon_core.verb:set package 'roberto' build argument 'cmake_clean_first' from command line to 'False'
[2.315s] Level 5:colcon.colcon_core.verb:set package 'roberto' build argument 'cmake_force_configure' from command line to 'False'
[2.315s] Level 5:colcon.colcon_core.verb:set package 'roberto' build argument 'ament_cmake_args' from command line to 'None'
[2.315s] Level 5:colcon.colcon_core.verb:set package 'roberto' build argument 'catkin_cmake_args' from command line to 'None'
[2.315s] Level 5:colcon.colcon_core.verb:set package 'roberto' build argument 'catkin_skip_building_tests' from command line to 'False'
[2.315s] DEBUG:colcon.colcon_core.verb:Building package 'roberto' with the following arguments: {'ament_cmake_args': None, 'build_base': '/home/elipson/roberto/build/roberto', 'catkin_cmake_args': None, 'catkin_skip_building_tests': False, 'cmake_args': None, 'cmake_clean_cache': False, 'cmake_clean_first': False, 'cmake_force_configure': False, 'cmake_target': None, 'cmake_target_skip_unavailable': False, 'install_base': '/home/elipson/roberto/install/roberto', 'merge_install': False, 'path': '/home/elipson/roberto/src/roberto', 'symlink_install': False, 'test_result_base': None}
[2.316s] INFO:colcon.colcon_core.executor:Executing jobs using 'parallel' executor
[2.319s] DEBUG:colcon.colcon_parallel_executor.executor.parallel:run_until_complete
[2.320s] INFO:colcon.colcon_ros.task.ament_python.build:Building ROS package in '/home/elipson/roberto/src/roberto' with build type 'ament_python'
[2.321s] Level 1:colcon.colcon_core.shell:create_environment_hook('roberto', 'ament_prefix_path')
[2.343s] INFO:colcon.colcon_core.plugin_system:Skipping extension 'colcon_core.shell.bat': Not used on non-Windows systems
[2.344s] INFO:colcon.colcon_core.shell:Creating environment hook '/home/elipson/roberto/install/roberto/share/roberto/hook/ament_prefix_path.ps1'
[2.349s] INFO:colcon.colcon_core.shell:Creating environment descriptor '/home/elipson/roberto/install/roberto/share/roberto/hook/ament_prefix_path.dsv'
[2.354s] INFO:colcon.colcon_core.shell:Creating environment hook '/home/elipson/roberto/install/roberto/share/roberto/hook/ament_prefix_path.sh'
[2.359s] INFO:colcon.colcon_core.shell:Skip shell extension 'powershell' for command environment: Not usable outside of PowerShell
[2.360s] DEBUG:colcon.colcon_core.shell:Skip shell extension 'dsv' for command environment
[3.513s] INFO:colcon.colcon_core.task.python.build:Building Python package in '/home/elipson/roberto/src/roberto'
[3.514s] INFO:colcon.colcon_core.shell:Skip shell extension 'powershell' for command environment: Not usable outside of PowerShell
[3.515s] DEBUG:colcon.colcon_core.shell:Skip shell extension 'dsv' for command environment
[5.640s] DEBUG:colcon.colcon_core.event_handler.log_command:Invoking command in '/home/elipson/roberto/build/roberto': PYTHONPATH=/home/elipson/roberto/build/roberto/prefix_override:/usr/lib/python3/dist-packages/colcon_core/task/python/colcon_distutils_commands:/home/elipson/roberto/install/roberto/lib/python3.10/site-packages:${PYTHONPATH} /usr/bin/python3 -W ignore:setup.py install is deprecated -W ignore:easy_install command is deprecated setup.py develop --uninstall --editable --build-directory /home/elipson/roberto/build/roberto/build
[7.528s] DEBUG:colcon.colcon_core.event_handler.log_command:Invoked command in '/home/elipson/roberto/build/roberto' returned '0': PYTHONPATH=/home/elipson/roberto/build/roberto/prefix_override:/usr/lib/python3/dist-packages/colcon_core/task/python/colcon_distutils_commands:/home/elipson/roberto/install/roberto/lib/python3.10/site-packages:${PYTHONPATH} /usr/bin/python3 -W ignore:setup.py install is deprecated -W ignore:easy_install command is deprecated setup.py develop --uninstall --editable --build-directory /home/elipson/roberto/build/roberto/build
[7.538s] DEBUG:colcon.colcon_core.event_handler.log_command:Invoking command in '/home/elipson/roberto/src/roberto': PYTHONPATH=/home/elipson/roberto/build/roberto/prefix_override:/usr/lib/python3/dist-packages/colcon_core/task/python/colcon_distutils_commands:/home/elipson/roberto/install/roberto/lib/python3.10/site-packages:${PYTHONPATH} /usr/bin/python3 -W ignore:setup.py install is deprecated -W ignore:easy_install command is deprecated setup.py egg_info --egg-base ../../build/roberto build --build-base /home/elipson/roberto/build/roberto/build install --record /home/elipson/roberto/build/roberto/install.log --single-version-externally-managed install_data --force
[8.850s] DEBUG:colcon.colcon_core.event_handler.log_command:Invoked command in '/home/elipson/roberto/src/roberto' returned '0': PYTHONPATH=/home/elipson/roberto/build/roberto/prefix_override:/usr/lib/python3/dist-packages/colcon_core/task/python/colcon_distutils_commands:/home/elipson/roberto/install/roberto/lib/python3.10/site-packages:${PYTHONPATH} /usr/bin/python3 -W ignore:setup.py install is deprecated -W ignore:easy_install command is deprecated setup.py egg_info --egg-base ../../build/roberto build --build-base /home/elipson/roberto/build/roberto/build install --record /home/elipson/roberto/build/roberto/install.log --single-version-externally-managed install_data --force
[8.877s] Level 1:colcon.colcon_core.environment:checking '/home/elipson/roberto/install/roberto' for CMake module files
[8.880s] Level 1:colcon.colcon_core.environment:checking '/home/elipson/roberto/install/roberto' for CMake config files
[8.885s] Level 1:colcon.colcon_core.environment:checking '/home/elipson/roberto/install/roberto/lib'
[8.886s] Level 1:colcon.colcon_core.environment:checking '/home/elipson/roberto/install/roberto/bin'
[8.886s] Level 1:colcon.colcon_core.environment:checking '/home/elipson/roberto/install/roberto/lib/pkgconfig/roberto.pc'
[8.887s] Level 1:colcon.colcon_core.environment:checking '/home/elipson/roberto/install/roberto/lib/python3.10/site-packages'
[8.888s] Level 1:colcon.colcon_core.shell:create_environment_hook('roberto', 'pythonpath')
[8.889s] INFO:colcon.colcon_core.shell:Creating environment hook '/home/elipson/roberto/install/roberto/share/roberto/hook/pythonpath.ps1'
[8.891s] INFO:colcon.colcon_core.shell:Creating environment descriptor '/home/elipson/roberto/install/roberto/share/roberto/hook/pythonpath.dsv'
[8.893s] INFO:colcon.colcon_core.shell:Creating environment hook '/home/elipson/roberto/install/roberto/share/roberto/hook/pythonpath.sh'
[8.896s] Level 1:colcon.colcon_core.environment:checking '/home/elipson/roberto/install/roberto/bin'
[8.897s] Level 1:colcon.colcon_core.environment:create_environment_scripts_only(roberto)
[8.898s] INFO:colcon.colcon_core.shell:Creating package script '/home/elipson/roberto/install/roberto/share/roberto/package.ps1'
[8.903s] INFO:colcon.colcon_core.shell:Creating package descriptor '/home/elipson/roberto/install/roberto/share/roberto/package.dsv'
[8.907s] INFO:colcon.colcon_core.shell:Creating package script '/home/elipson/roberto/install/roberto/share/roberto/package.sh'
[8.913s] INFO:colcon.colcon_core.shell:Creating package script '/home/elipson/roberto/install/roberto/share/roberto/package.bash'
[8.919s] INFO:colcon.colcon_core.shell:Creating package script '/home/elipson/roberto/install/roberto/share/roberto/package.zsh'
[8.925s] Level 1:colcon.colcon_core.environment:create_file_with_runtime_dependencies(/home/elipson/roberto/install/roberto/share/colcon-core/packages/roberto)
[8.926s] DEBUG:colcon.colcon_parallel_executor.executor.parallel:closing loop
[8.928s] DEBUG:colcon.colcon_parallel_executor.executor.parallel:loop closed
[8.928s] DEBUG:colcon.colcon_parallel_executor.executor.parallel:run_until_complete finished with '0'
[8.929s] DEBUG:colcon.colcon_core.event_reactor:joining thread
[8.956s] INFO:colcon.colcon_core.plugin_system:Skipping extension 'colcon_notification.desktop_notification.notify_send': Could not find 'notify-send'
[8.957s] INFO:colcon.colcon_core.plugin_system:Skipping extension 'colcon_notification.desktop_notification.terminal_notifier': Not used on non-Darwin systems
[8.957s] INFO:colcon.colcon_core.plugin_system:Skipping extension 'colcon_notification.desktop_notification.win32': Not used on non-Windows systems
[8.957s] INFO:colcon.colcon_notification.desktop_notification:Sending desktop notification using 'notify2'
[8.961s] DEBUG:colcon.colcon_notification.desktop_notification.notify2:Failed to initialize notify2: org.freedesktop.DBus.Error.ServiceUnknown: The name org.freedesktop.Notifications was not provided by any .service files
[8.961s] DEBUG:colcon.colcon_core.event_reactor:joined thread
[8.962s] INFO:colcon.colcon_core.shell:Creating prefix script '/home/elipson/roberto/install/local_setup.ps1'
[8.967s] INFO:colcon.colcon_core.shell:Creating prefix util module '/home/elipson/roberto/install/_local_setup_util_ps1.py'
[8.977s] INFO:colcon.colcon_core.shell:Creating prefix chain script '/home/elipson/roberto/install/setup.ps1'
[8.984s] INFO:colcon.colcon_core.shell:Creating prefix script '/home/elipson/roberto/install/local_setup.sh'
[8.990s] INFO:colcon.colcon_core.shell:Creating prefix util module '/home/elipson/roberto/install/_local_setup_util_sh.py'
[8.993s] INFO:colcon.colcon_core.shell:Creating prefix chain script '/home/elipson/roberto/install/setup.sh'
[9.000s] INFO:colcon.colcon_core.shell:Creating prefix script '/home/elipson/roberto/install/local_setup.bash'
[9.004s] INFO:colcon.colcon_core.shell:Creating prefix chain script '/home/elipson/roberto/install/setup.bash'
[9.009s] INFO:colcon.colcon_core.shell:Creating prefix script '/home/elipson/roberto/install/local_setup.zsh'
[9.013s] INFO:colcon.colcon_core.shell:Creating prefix chain script '/home/elipson/roberto/install/setup.zsh'
