[3.317s] Invoking command in '/home/elipson/roberto/build/roberto': PYTHONPATH=/home/elipson/roberto/build/roberto/prefix_override:/usr/lib/python3/dist-packages/colcon_core/task/python/colcon_distutils_commands:/home/elipson/roberto/install/roberto/lib/python3.10/site-packages:${PYTHONPATH} /usr/bin/python3 -W ignore:setup.py install is deprecated -W ignore:easy_install command is deprecated setup.py develop --uninstall --editable --build-directory /home/elipson/roberto/build/roberto/build
[4.447s] running develop
[5.079s] Removing /home/elipson/roberto/install/roberto/lib/python3.10/site-packages/roberto.egg-link (link to .)
[5.206s] Invoked command in '/home/elipson/roberto/build/roberto' returned '0': PYTHONPATH=/home/elipson/roberto/build/roberto/prefix_override:/usr/lib/python3/dist-packages/colcon_core/task/python/colcon_distutils_commands:/home/elipson/roberto/install/roberto/lib/python3.10/site-packages:${PYTHONPATH} /usr/bin/python3 -W ignore:setup.py install is deprecated -W ignore:easy_install command is deprecated setup.py develop --uninstall --editable --build-directory /home/elipson/roberto/build/roberto/build
[5.215s] Invoking command in '/home/elipson/roberto/src/roberto': PYTHONPATH=/home/elipson/roberto/build/roberto/prefix_override:/usr/lib/python3/dist-packages/colcon_core/task/python/colcon_distutils_commands:/home/elipson/roberto/install/roberto/lib/python3.10/site-packages:${PYTHONPATH} /usr/bin/python3 -W ignore:setup.py install is deprecated -W ignore:easy_install command is deprecated setup.py egg_info --egg-base ../../build/roberto build --build-base /home/elipson/roberto/build/roberto/build install --record /home/elipson/roberto/build/roberto/install.log --single-version-externally-managed install_data --force
[6.253s] running egg_info
[6.255s] writing ../../build/roberto/roberto.egg-info/PKG-INFO
[6.256s] writing dependency_links to ../../build/roberto/roberto.egg-info/dependency_links.txt
[6.257s] writing entry points to ../../build/roberto/roberto.egg-info/entry_points.txt
[6.258s] writing requirements to ../../build/roberto/roberto.egg-info/requires.txt
[6.259s] writing top-level names to ../../build/roberto/roberto.egg-info/top_level.txt
[6.267s] reading manifest file '../../build/roberto/roberto.egg-info/SOURCES.txt'
[6.272s] writing manifest file '../../build/roberto/roberto.egg-info/SOURCES.txt'
[6.272s] running build
[6.273s] running build_py
[6.274s] copying roberto/roberto_interface.py -> /home/elipson/roberto/build/roberto/build/lib/roberto
[6.274s] copying roberto/roberto_player.py -> /home/elipson/roberto/build/roberto/build/lib/roberto
[6.275s] copying roberto/roberto_teleop.py -> /home/elipson/roberto/build/roberto/build/lib/roberto
[6.277s] running install
[6.278s] running install_lib
[6.282s] creating /home/elipson/roberto/install/roberto/lib/python3.10/site-packages/roberto
[6.282s] copying /home/elipson/roberto/build/roberto/build/lib/roberto/__init__.py -> /home/elipson/roberto/install/roberto/lib/python3.10/site-packages/roberto
[6.283s] copying /home/elipson/roberto/build/roberto/build/lib/roberto/roberto_interface.py -> /home/elipson/roberto/install/roberto/lib/python3.10/site-packages/roberto
[6.284s] copying /home/elipson/roberto/build/roberto/build/lib/roberto/roberto_player.py -> /home/elipson/roberto/install/roberto/lib/python3.10/site-packages/roberto
[6.285s] copying /home/elipson/roberto/build/roberto/build/lib/roberto/roberto_teleop.py -> /home/elipson/roberto/install/roberto/lib/python3.10/site-packages/roberto
[6.287s] byte-compiling /home/elipson/roberto/install/roberto/lib/python3.10/site-packages/roberto/__init__.py to __init__.cpython-310.pyc
[6.289s] byte-compiling /home/elipson/roberto/install/roberto/lib/python3.10/site-packages/roberto/roberto_interface.py to roberto_interface.cpython-310.pyc
[6.299s] byte-compiling /home/elipson/roberto/install/roberto/lib/python3.10/site-packages/roberto/roberto_player.py to roberto_player.cpython-310.pyc
[6.302s] byte-compiling /home/elipson/roberto/install/roberto/lib/python3.10/site-packages/roberto/roberto_teleop.py to roberto_teleop.cpython-310.pyc
[6.305s] running install_data
[6.305s] copying resource/roberto -> /home/elipson/roberto/install/roberto/share/ament_index/resource_index/packages
[6.306s] copying package.xml -> /home/elipson/roberto/install/roberto/share/roberto
[6.307s] running install_egg_info
[6.314s] Copying ../../build/roberto/roberto.egg-info to /home/elipson/roberto/install/roberto/lib/python3.10/site-packages/roberto-0.0.0-py3.10.egg-info
[6.320s] running install_scripts
[6.406s] Installing roberto_interface script to /home/elipson/roberto/install/roberto/lib/roberto
[6.407s] Installing roberto_player script to /home/elipson/roberto/install/roberto/lib/roberto
[6.408s] Installing roberto_teleop script to /home/elipson/roberto/install/roberto/lib/roberto
[6.409s] writing list of installed files to '/home/elipson/roberto/build/roberto/install.log'
[6.527s] Invoked command in '/home/elipson/roberto/src/roberto' returned '0': PYTHONPATH=/home/elipson/roberto/build/roberto/prefix_override:/usr/lib/python3/dist-packages/colcon_core/task/python/colcon_distutils_commands:/home/elipson/roberto/install/roberto/lib/python3.10/site-packages:${PYTHONPATH} /usr/bin/python3 -W ignore:setup.py install is deprecated -W ignore:easy_install command is deprecated setup.py egg_info --egg-base ../../build/roberto build --build-base /home/elipson/roberto/build/roberto/build install --record /home/elipson/roberto/build/roberto/install.log --single-version-externally-managed install_data --force
