/home/elipson/roberto/install/roberto/lib/python3.10/site-packages/roberto/__init__.py
/home/elipson/roberto/install/roberto/lib/python3.10/site-packages/roberto/roberto_interface.py
/home/elipson/roberto/install/roberto/lib/python3.10/site-packages/roberto/roberto_player.py
/home/elipson/roberto/install/roberto/lib/python3.10/site-packages/roberto/roberto_teleop.py
/home/elipson/roberto/install/roberto/lib/python3.10/site-packages/roberto/__pycache__/__init__.cpython-310.pyc
/home/elipson/roberto/install/roberto/lib/python3.10/site-packages/roberto/__pycache__/roberto_interface.cpython-310.pyc
/home/elipson/roberto/install/roberto/lib/python3.10/site-packages/roberto/__pycache__/roberto_player.cpython-310.pyc
/home/elipson/roberto/install/roberto/lib/python3.10/site-packages/roberto/__pycache__/roberto_teleop.cpython-310.pyc
/home/elipson/roberto/install/roberto/share/ament_index/resource_index/packages/roberto
/home/elipson/roberto/install/roberto/share/roberto/package.xml
/home/elipson/roberto/install/roberto/lib/python3.10/site-packages/roberto-0.0.0-py3.10.egg-info/PKG-INFO
/home/elipson/roberto/install/roberto/lib/python3.10/site-packages/roberto-0.0.0-py3.10.egg-info/top_level.txt
/home/elipson/roberto/install/roberto/lib/python3.10/site-packages/roberto-0.0.0-py3.10.egg-info/SOURCES.txt
/home/elipson/roberto/install/roberto/lib/python3.10/site-packages/roberto-0.0.0-py3.10.egg-info/entry_points.txt
/home/elipson/roberto/install/roberto/lib/python3.10/site-packages/roberto-0.0.0-py3.10.egg-info/requires.txt
/home/elipson/roberto/install/roberto/lib/python3.10/site-packages/roberto-0.0.0-py3.10.egg-info/dependency_links.txt
/home/elipson/roberto/install/roberto/lib/python3.10/site-packages/roberto-0.0.0-py3.10.egg-info/zip-safe
/home/elipson/roberto/install/roberto/lib/roberto/roberto_interface
/home/elipson/roberto/install/roberto/lib/roberto/roberto_player
/home/elipson/roberto/install/roberto/lib/roberto/roberto_teleop
