running egg_info
writing ../../build/roberto/roberto.egg-info/PKG-INFO
writing dependency_links to ../../build/roberto/roberto.egg-info/dependency_links.txt
writing entry points to ../../build/roberto/roberto.egg-info/entry_points.txt
writing requirements to ../../build/roberto/roberto.egg-info/requires.txt
writing top-level names to ../../build/roberto/roberto.egg-info/top_level.txt
reading manifest file '../../build/roberto/roberto.egg-info/SOURCES.txt'
writing manifest file '../../build/roberto/roberto.egg-info/SOURCES.txt'
running build
running build_py
copying roberto/roberto_motor.py -> /home/elipson/roberto/build/roberto/build/lib/roberto
running install
running install_lib
copying /home/elipson/roberto/build/roberto/build/lib/roberto/roberto_motor.py -> /home/elipson/roberto/install/roberto/lib/python3.10/site-packages/roberto
byte-compiling /home/elipson/roberto/install/roberto/lib/python3.10/site-packages/roberto/roberto_motor.py to roberto_motor.cpython-310.pyc
running install_data
running install_egg_info
removing '/home/elipson/roberto/install/roberto/lib/python3.10/site-packages/roberto-0.0.0-py3.10.egg-info' (and everything under it)
Copying ../../build/roberto/roberto.egg-info to /home/elipson/roberto/install/roberto/lib/python3.10/site-packages/roberto-0.0.0-py3.10.egg-info
running install_scripts
Installing roberto_interface script to /home/elipson/roberto/install/roberto/lib/roberto
Installing roberto_motor script to /home/elipson/roberto/install/roberto/lib/roberto
Installing roberto_player script to /home/elipson/roberto/install/roberto/lib/roberto
Installing roberto_teleop script to /home/elipson/roberto/install/roberto/lib/roberto
writing list of installed files to '/home/elipson/roberto/build/roberto/install.log'
