[2.788s] Invoking command in '/home/elipson/roberto/src/roberto': PYTHONPATH=/home/elipson/roberto/build/roberto/prefix_override:/usr/lib/python3/dist-packages/colcon_core/task/python/colcon_distutils_commands:/home/elipson/roberto/install/roberto/lib/python3.10/site-packages:${PYTHONPATH} /usr/bin/python3 -W ignore:setup.py install is deprecated -W ignore:easy_install command is deprecated setup.py egg_info --egg-base ../../build/roberto build --build-base /home/elipson/roberto/build/roberto/build install --record /home/elipson/roberto/build/roberto/install.log --single-version-externally-managed install_data
[3.830s] running egg_info
[3.832s] writing ../../build/roberto/roberto.egg-info/PKG-INFO
[3.833s] writing dependency_links to ../../build/roberto/roberto.egg-info/dependency_links.txt
[3.835s] writing entry points to ../../build/roberto/roberto.egg-info/entry_points.txt
[3.835s] writing requirements to ../../build/roberto/roberto.egg-info/requires.txt
[3.836s] writing top-level names to ../../build/roberto/roberto.egg-info/top_level.txt
[3.844s] reading manifest file '../../build/roberto/roberto.egg-info/SOURCES.txt'
[3.849s] writing manifest file '../../build/roberto/roberto.egg-info/SOURCES.txt'
[3.849s] running build
[3.850s] running build_py
[3.851s] copying roberto/roberto_motor.py -> /home/elipson/roberto/build/roberto/build/lib/roberto
[3.853s] running install
[3.854s] running install_lib
[3.859s] copying /home/elipson/roberto/build/roberto/build/lib/roberto/roberto_motor.py -> /home/elipson/roberto/install/roberto/lib/python3.10/site-packages/roberto
[3.862s] byte-compiling /home/elipson/roberto/install/roberto/lib/python3.10/site-packages/roberto/roberto_motor.py to roberto_motor.cpython-310.pyc
[3.865s] running install_data
[3.865s] running install_egg_info
[3.873s] removing '/home/elipson/roberto/install/roberto/lib/python3.10/site-packages/roberto-0.0.0-py3.10.egg-info' (and everything under it)
[3.875s] Copying ../../build/roberto/roberto.egg-info to /home/elipson/roberto/install/roberto/lib/python3.10/site-packages/roberto-0.0.0-py3.10.egg-info
[3.880s] running install_scripts
[3.968s] Installing roberto_interface script to /home/elipson/roberto/install/roberto/lib/roberto
[3.968s] Installing roberto_motor script to /home/elipson/roberto/install/roberto/lib/roberto
[3.969s] Installing roberto_player script to /home/elipson/roberto/install/roberto/lib/roberto
[3.970s] Installing roberto_teleop script to /home/elipson/roberto/install/roberto/lib/roberto
[3.972s] writing list of installed files to '/home/elipson/roberto/build/roberto/install.log'
[4.090s] Invoked command in '/home/elipson/roberto/src/roberto' returned '0': PYTHONPATH=/home/elipson/roberto/build/roberto/prefix_override:/usr/lib/python3/dist-packages/colcon_core/task/python/colcon_distutils_commands:/home/elipson/roberto/install/roberto/lib/python3.10/site-packages:${PYTHONPATH} /usr/bin/python3 -W ignore:setup.py install is deprecated -W ignore:easy_install command is deprecated setup.py egg_info --egg-base ../../build/roberto build --build-base /home/elipson/roberto/build/roberto/build install --record /home/elipson/roberto/build/roberto/install.log --single-version-externally-managed install_data
